2020.12.10 22:21:02 INFO  Started: Metals version 0.9.7 in workspace 'C:\xam\htdocs\ecommerce' for client vscode.
2020.12.10 22:21:14 INFO  time: initialize in 12s
2020.12.10 22:21:54 WARN  Build server is not auto-connectable.
2020.12.10 22:21:54 WARN  no build tool detected in workspace 'C:\xam\htdocs\ecommerce'. The most common cause for this problem is that the editor was opened in the wrong working directory, for example if you use sbt then the workspace directory should contain build.sbt. 
2020.12.11 20:12:16 INFO  Started: Metals version 0.9.7 in workspace 'C:\xam\htdocs\ecommerce' for client vscode.
2020.12.11 20:12:28 INFO  time: initialize in 12s
2020.12.11 20:12:50 WARN  Build server is not auto-connectable.
2020.12.11 20:12:50 WARN  no build tool detected in workspace 'C:\xam\htdocs\ecommerce'. The most common cause for this problem is that the editor was opened in the wrong working directory, for example if you use sbt then the workspace directory should contain build.sbt. 
2020.12.11 20:32:21 INFO  shutting down Metals
2020.12.11 23:43:48 INFO  Started: Metals version 0.9.7 in workspace 'C:\xam\htdocs\ecommerce' for client vscode.
2020.12.11 23:43:50 INFO  time: initialize in 2.65s
2020.12.11 23:43:55 WARN  Build server is not auto-connectable.
2020.12.11 23:43:55 WARN  no build tool detected in workspace 'C:\xam\htdocs\ecommerce'. The most common cause for this problem is that the editor was opened in the wrong working directory, for example if you use sbt then the workspace directory should contain build.sbt. 
2020.12.12 19:30:15 INFO  Started: Metals version 0.9.7 in workspace 'C:\xam\htdocs\ecommerce' for client vscode.
2020.12.12 19:30:22 INFO  time: initialize in 7.22s
2020.12.12 19:30:36 WARN  Build server is not auto-connectable.
2020.12.12 19:30:36 WARN  no build tool detected in workspace 'C:\xam\htdocs\ecommerce'. The most common cause for this problem is that the editor was opened in the wrong working directory, for example if you use sbt then the workspace directory should contain build.sbt. 
2020.12.13 02:05:04 INFO  shutting down Metals
2020.12.14 09:52:50 INFO  Started: Metals version 0.9.7 in workspace 'C:\xam\htdocs\ecommerce' for client vscode.
2020.12.14 09:52:54 INFO  time: initialize in 3.91s
2020.12.14 09:52:58 WARN  Build server is not auto-connectable.
2020.12.14 09:52:58 WARN  no build tool detected in workspace 'C:\xam\htdocs\ecommerce'. The most common cause for this problem is that the editor was opened in the wrong working directory, for example if you use sbt then the workspace directory should contain build.sbt. 
2020.12.14 15:55:57 INFO  Started: Metals version 0.9.7 in workspace 'C:\xam\htdocs\ecommerce' for client vscode.
2020.12.14 15:55:59 INFO  time: initialize in 2.79s
2020.12.14 15:56:09 WARN  Build server is not auto-connectable.
2020.12.14 15:56:09 WARN  no build tool detected in workspace 'C:\xam\htdocs\ecommerce'. The most common cause for this problem is that the editor was opened in the wrong working directory, for example if you use sbt then the workspace directory should contain build.sbt. 
2020.12.15 10:46:55 INFO  shutting down Metals
2020.12.16 19:33:32 INFO  Started: Metals version 0.9.7 in workspace 'C:\xam\htdocs\ecommerce' for client vscode.
2020.12.16 19:33:35 INFO  time: initialize in 3.34s
2020.12.16 19:33:46 WARN  Build server is not auto-connectable.
2020.12.16 19:33:46 WARN  no build tool detected in workspace 'C:\xam\htdocs\ecommerce'. The most common cause for this problem is that the editor was opened in the wrong working directory, for example if you use sbt then the workspace directory should contain build.sbt. 
2020.12.17 21:12:36 INFO  Started: Metals version 0.9.7 in workspace 'C:\xam\htdocs\ecommerce' for client vscode.
2020.12.17 21:12:39 INFO  time: initialize in 3.08s
2020.12.17 21:12:48 WARN  Build server is not auto-connectable.
2020.12.17 21:12:48 WARN  no build tool detected in workspace 'C:\xam\htdocs\ecommerce'. The most common cause for this problem is that the editor was opened in the wrong working directory, for example if you use sbt then the workspace directory should contain build.sbt. 
2020.12.23 18:38:27 INFO  Started: Metals version 0.9.8 in workspace 'C:\xam\htdocs\ecommerce' for client vscode.
2020.12.23 18:38:29 INFO  time: initialize in 2.27s
2020.12.23 18:38:38 WARN  Build server is not auto-connectable.
2020.12.23 18:38:38 WARN  no build tool detected in workspace 'C:\xam\htdocs\ecommerce'. The most common cause for this problem is that the editor was opened in the wrong working directory, for example if you use sbt then the workspace directory should contain build.sbt. 
2020.12.23 23:27:26 INFO  Started: Metals version 0.9.8 in workspace 'C:\xam\htdocs\ecommerce' for client vscode.
2020.12.23 23:27:30 INFO  time: initialize in 3.99s
2020.12.23 23:27:39 WARN  Build server is not auto-connectable.
2020.12.23 23:27:39 WARN  no build tool detected in workspace 'C:\xam\htdocs\ecommerce'. The most common cause for this problem is that the editor was opened in the wrong working directory, for example if you use sbt then the workspace directory should contain build.sbt. 
2020.12.23 23:34:51 INFO  shutting down Metals
2020.12.23 23:37:43 INFO  Started: Metals version 0.9.8 in workspace 'C:\xam\htdocs\ecommerce' for client vscode.
2020.12.23 23:37:45 INFO  time: initialize in 1.49s
2020.12.23 23:37:47 WARN  Build server is not auto-connectable.
2020.12.23 23:37:47 WARN  no build tool detected in workspace 'C:\xam\htdocs\ecommerce'. The most common cause for this problem is that the editor was opened in the wrong working directory, for example if you use sbt then the workspace directory should contain build.sbt. 
déc. 23, 2020 11:39:46 PM org.eclipse.lsp4j.jsonrpc.services.GenericEndpoint notify
INFOS: Unsupported notification method: $/setTraceNotification
2020.12.26 10:07:17 INFO  Started: Metals version 0.9.8 in workspace 'C:\xam\htdocs\ecommerce' for client vscode.
2020.12.26 10:07:23 INFO  time: initialize in 7.01s
2020.12.26 10:07:43 WARN  Build server is not auto-connectable.
2020.12.26 10:07:43 WARN  no build tool detected in workspace 'C:\xam\htdocs\ecommerce'. The most common cause for this problem is that the editor was opened in the wrong working directory, for example if you use sbt then the workspace directory should contain build.sbt. 
2020.12.26 10:09:20 INFO  shutting down Metals
2020.12.26 17:17:27 INFO  Started: Metals version 0.9.8 in workspace 'C:\xam\htdocs\ecommerce' for client vscode.
2020.12.26 17:17:30 INFO  time: initialize in 3.56s
2020.12.26 17:17:35 WARN  Build server is not auto-connectable.
2020.12.26 17:17:35 WARN  no build tool detected in workspace 'C:\xam\htdocs\ecommerce'. The most common cause for this problem is that the editor was opened in the wrong working directory, for example if you use sbt then the workspace directory should contain build.sbt. 
2020.12.30 23:19:25 INFO  Started: Metals version 0.9.8 in workspace 'C:\xam\htdocs\ecommerce' for client vscode.
2020.12.30 23:19:29 INFO  time: initialize in 3.85s
2020.12.30 23:19:39 WARN  Build server is not auto-connectable.
2020.12.30 23:19:39 WARN  no build tool detected in workspace 'C:\xam\htdocs\ecommerce'. The most common cause for this problem is that the editor was opened in the wrong working directory, for example if you use sbt then the workspace directory should contain build.sbt. 
2020.12.31 00:07:13 INFO  Started: Metals version 0.9.8 in workspace 'C:\xam\htdocs\ecommerce' for client vscode.
2020.12.31 00:07:16 INFO  time: initialize in 3.81s
2020.12.31 00:07:33 WARN  Build server is not auto-connectable.
2020.12.31 00:07:33 WARN  no build tool detected in workspace 'C:\xam\htdocs\ecommerce'. The most common cause for this problem is that the editor was opened in the wrong working directory, for example if you use sbt then the workspace directory should contain build.sbt. 
2021.01.02 15:14:05 INFO  Started: Metals version 0.9.8 in workspace 'C:\xam\htdocs\ecommerce' for client vscode.
2021.01.02 15:14:08 INFO  time: initialize in 2.8s
2021.01.02 15:14:21 WARN  Build server is not auto-connectable.
2021.01.02 15:14:21 WARN  no build tool detected in workspace 'C:\xam\htdocs\ecommerce'. The most common cause for this problem is that the editor was opened in the wrong working directory, for example if you use sbt then the workspace directory should contain build.sbt. 
2021.01.03 01:27:46 INFO  Started: Metals version 0.9.8 in workspace 'C:\xam\htdocs\ecommerce' for client vscode.
2021.01.03 01:27:49 INFO  time: initialize in 3.68s
2021.01.03 01:27:58 WARN  Build server is not auto-connectable.
2021.01.03 01:27:58 WARN  no build tool detected in workspace 'C:\xam\htdocs\ecommerce'. The most common cause for this problem is that the editor was opened in the wrong working directory, for example if you use sbt then the workspace directory should contain build.sbt. 
2021.01.03 03:31:49 INFO  shutting down Metals
2021.01.03 21:32:23 INFO  Started: Metals version 0.9.8 in workspace 'C:\xam\htdocs\ecommerce' for client vscode.
2021.01.03 21:32:25 INFO  time: initialize in 2.06s
2021.01.03 21:32:34 WARN  Build server is not auto-connectable.
2021.01.03 21:32:34 WARN  no build tool detected in workspace 'C:\xam\htdocs\ecommerce'. The most common cause for this problem is that the editor was opened in the wrong working directory, for example if you use sbt then the workspace directory should contain build.sbt. 
2021.01.22 20:43:13 INFO  Started: Metals version 0.9.8 in workspace 'C:\xam\htdocs\ecommerce' for client vscode.
2021.01.22 20:43:15 INFO  time: initialize in 2.68s
2021.01.22 20:45:33 WARN  Build server is not auto-connectable.
2021.01.22 20:45:33 WARN  no build tool detected in workspace 'C:\xam\htdocs\ecommerce'. The most common cause for this problem is that the editor was opened in the wrong working directory, for example if you use sbt then the workspace directory should contain build.sbt. 
[0m2021.01.23 14:48:16 INFO  Started: Metals version 0.9.10 in workspace 'C:\xam\htdocs\ecommerce' for client vscode 1.52.1.[0m
[0m2021.01.23 14:48:20 INFO  time: initialize in 4.12s[0m
[0m2021.01.23 14:48:31 WARN  resetting database: C:\xam\htdocs\ecommerce\.metals\metals.h2.db[0m
[0m2021.01.23 14:48:34 WARN  Build server is not auto-connectable.[0m
[0m2021.01.23 14:48:34 WARN  no build tool detected in workspace 'C:\xam\htdocs\ecommerce'. The most common cause for this problem is that the editor was opened in the wrong working directory, for example if you use sbt then the workspace directory should contain build.sbt. [0m
[0m2021.01.23 20:31:29 INFO  shutting down Metals[0m
[0m2021.01.23 20:36:48 INFO  Started: Metals version 0.9.10 in workspace 'C:\xam\htdocs\ecommerce' for client vscode 1.52.1.[0m
[0m2021.01.23 20:36:51 INFO  time: initialize in 2.88s[0m
[0m2021.01.23 20:37:01 WARN  Build server is not auto-connectable.[0m
[0m2021.01.23 20:37:01 WARN  no build tool detected in workspace 'C:\xam\htdocs\ecommerce'. The most common cause for this problem is that the editor was opened in the wrong working directory, for example if you use sbt then the workspace directory should contain build.sbt. [0m
[0m2021.01.24 22:15:33 INFO  Started: Metals version 0.9.10 in workspace 'C:\xam\htdocs\ecommerce' for client vscode 1.52.1.[0m
[0m2021.01.24 22:15:36 INFO  time: initialize in 3.73s[0m
[0m2021.01.24 22:15:47 WARN  Build server is not auto-connectable.[0m
[0m2021.01.24 22:15:47 WARN  no build tool detected in workspace 'C:\xam\htdocs\ecommerce'. The most common cause for this problem is that the editor was opened in the wrong working directory, for example if you use sbt then the workspace directory should contain build.sbt. [0m
